<?xml version="1.0" encoding="UTF-8"?>
<testng-results ignored="0" total="3" passed="3" failed="0" skipped="0">
  <reporter-output>
    <line>
      <![CDATA[Hello java]]>
    </line>
    <line>
      <![CDATA[Hello Selenium]]>
    </line>
    <line>
      <![CDATA[Hello ]]>
    </line>
  </reporter-output>
  <suite started-at="2021-10-24T14:50:03 IST" name="Suite" finished-at="2021-10-24T14:50:03 IST" duration-ms="200">
    <groups>
    </groups>
    <test started-at="2021-10-24T14:50:03 IST" name="Test" finished-at="2021-10-24T14:50:03 IST" duration-ms="200">
      <class name="scripts.test1">
        <test-method signature="tc1()[pri:0, instance:scripts.test1@78ffe6dc]" started-at="2021-10-24T14:50:03 IST" name="tc1" finished-at="2021-10-24T14:50:03 IST" duration-ms="33" status="PASS">
          <reporter-output>
            <line>
              <![CDATA[Hello java]]>
            </line>
          </reporter-output>
        </test-method> <!-- tc1 -->
      </class> <!-- scripts.test1 -->
      <class name="scripts.test2">
        <test-method signature="tc2()[pri:0, instance:scripts.test2@8317c52]" started-at="2021-10-24T14:50:03 IST" name="tc2" finished-at="2021-10-24T14:50:03 IST" duration-ms="4" status="PASS">
          <reporter-output>
            <line>
              <![CDATA[Hello Selenium]]>
            </line>
          </reporter-output>
        </test-method> <!-- tc2 -->
      </class> <!-- scripts.test2 -->
      <class name="scripts.test3">
        <test-method signature="tc3()[pri:0, instance:scripts.test3@76f2bbc1]" started-at="2021-10-24T14:50:03 IST" name="tc3" finished-at="2021-10-24T14:50:03 IST" duration-ms="5" status="PASS">
          <reporter-output>
            <line>
              <![CDATA[Hello ]]>
            </line>
          </reporter-output>
        </test-method> <!-- tc3 -->
      </class> <!-- scripts.test3 -->
    </test> <!-- Test -->
  </suite> <!-- Suite -->
</testng-results>
